{
  "RSpec": {
    "coverage": {
      "/home/shirishk/Documents/RubymineProjects/nimble-scraper-app/app/models/user.rb": [
        1,
        1,
        0,
        0,
        0,
        null,
        null
      ],
      "/home/shirishk/Documents/RubymineProjects/nimble-scraper-app/app/models/application_record.rb": [
        1,
        1,
        null
      ],
      "/home/shirishk/Documents/RubymineProjects/nimble-scraper-app/app/models/keyword.rb": [
        1,
        1,
        0,
        0,
        0,
        null,
        null,
        0,
        0,
        0,
        0,
        0,
        0,
        0,
        0,
        null,
        0,
        0,
        null,
        0,
        0,
        0,
        0,
        0,
        0,
        0,
        null,
        null,
        null,
        null
      ],
      "/home/shirishk/Documents/RubymineProjects/nimble-scraper-app/app/controllers/keywords_controller.rb": [
        1,
        1,
        null,
        1,
        1,
        null,
        null,
        1,
        1,
        1,
        1,
        1,
        null,
        null,
        1,
        null,
        null,
        1,
        2,
        2,
        4,
        2,
        2,
        null,
        0,
        0,
        null,
        null,
        null,
        null,
        1,
        1,
        1,
        2,
        1,
        1,
        null,
        null,
        null,
        null,
        1,
        0,
        0,
        0,
        null,
        0,
        null,
        0,
        null,
        null,
        1,
        1,
        5,
        null,
        null,
        1,
        2,
        null,
        null
      ],
      "/home/shirishk/Documents/RubymineProjects/nimble-scraper-app/app/controllers/application_controller.rb": [
        1,
        1,
        null,
        1,
        1,
        8,
        null,
        null,
        1,
        null
      ],
      "/home/shirishk/Documents/RubymineProjects/nimble-scraper-app/app/helpers/application_helper.rb": [
        1,
        null
      ],
      "/home/shirishk/Documents/RubymineProjects/nimble-scraper-app/app/helpers/keywords_helper.rb": [
        1,
        null
      ],
      "/home/shirishk/Documents/RubymineProjects/nimble-scraper-app/app/helpers/sessions_helper.rb": [
        1,
        null
      ],
      "/home/shirishk/Documents/RubymineProjects/nimble-scraper-app/app/mailers/application_mailer.rb": [
        0,
        0,
        0,
        0
      ],
      "/home/shirishk/Documents/RubymineProjects/nimble-scraper-app/app/channels/application_cable/connection.rb": [
        0,
        0,
        0,
        0
      ],
      "/home/shirishk/Documents/RubymineProjects/nimble-scraper-app/app/channels/application_cable/channel.rb": [
        0,
        0,
        0,
        0
      ],
      "/home/shirishk/Documents/RubymineProjects/nimble-scraper-app/app/jobs/application_job.rb": [
        0,
        0
      ],
      "/home/shirishk/Documents/RubymineProjects/nimble-scraper-app/app/controllers/sessions_controller.rb": [
        0,
        0,
        0,
        0,
        0,
        0,
        0,
        null,
        0,
        0,
        0,
        null,
        0,
        0,
        0,
        0,
        0,
        0,
        0,
        0
      ]
    },
    "timestamp": 1509293275
  }
}
