{
  "RSpec": {
    "coverage": {
      "/home/shirishk/Documents/RubymineProjects/nimbl3-scraper/app/models/keyword.rb": [
        1,
        1,
        0,
        0,
        0,
        null,
        null,
        0,
        0,
        0,
        0,
        0,
        null,
        0,
        null,
        0,
        0,
        null,
        0,
        0,
        null,
        0,
        0,
        0,
        0,
        0,
        0,
        0,
        null,
        null,
        null,
        null
      ],
      "/home/shirishk/Documents/RubymineProjects/nimbl3-scraper/app/models/application_record.rb": [
        1,
        1,
        null
      ],
      "/home/shirishk/Documents/RubymineProjects/nimbl3-scraper/app/controllers/keywords_controller.rb": [
        1,
        1,
        null,
        null,
        null,
        1,
        1,
        null,
        null,
        null,
        null,
        1,
        1,
        1,
        1,
        1,
        null,
        null,
        null,
        1,
        0,
        0,
        0,
        null,
        0,
        null,
        0,
        null,
        null,
        1,
        null,
        1,
        1,
        null,
        null
      ],
      "/home/shirishk/Documents/RubymineProjects/nimbl3-scraper/app/controllers/application_controller.rb": [
        1,
        1,
        null
      ],
      "/home/shirishk/Documents/RubymineProjects/nimbl3-scraper/app/helpers/application_helper.rb": [
        1,
        null
      ],
      "/home/shirishk/Documents/RubymineProjects/nimbl3-scraper/app/helpers/keywords_helper.rb": [
        1,
        null
      ],
      "/home/shirishk/Documents/RubymineProjects/nimbl3-scraper/app/mailers/application_mailer.rb": [
        0,
        0,
        0,
        0
      ],
      "/home/shirishk/Documents/RubymineProjects/nimbl3-scraper/app/channels/application_cable/connection.rb": [
        0,
        0,
        0,
        0
      ],
      "/home/shirishk/Documents/RubymineProjects/nimbl3-scraper/app/channels/application_cable/channel.rb": [
        0,
        0,
        0,
        0
      ],
      "/home/shirishk/Documents/RubymineProjects/nimbl3-scraper/app/jobs/application_job.rb": [
        0,
        0
      ]
    },
    "timestamp": 1508516926
  }
}
